<?xml version="1.0" encoding="UTF-8"?>
<!-- Generated by org.testng.reporters.JUnitReportReporter -->
<testsuite hostname="DESKTOP-NHIF91H" failures="0" tests="1" name="chaining.CreateUser" time="4.927" errors="0" timestamp="2024-12-18T08:47:29 PST" skipped="0">
  <testcase classname="chaining.CreateUser" name="createUser" time="4.927"/>
</testsuite> <!-- chaining.CreateUser -->
