<?xml version="1.0" encoding="UTF-8"?>
<!-- Generated by org.testng.reporters.JUnitReportReporter -->
<testsuite hostname="DESKTOP-NHIF91H" failures="0" tests="1" name="rest_assure.com.CookiesTest" time="4.183" errors="0" timestamp="2024-08-28T22:49:21 PDT" skipped="0">
  <testcase classname="rest_assure.com.CookiesTest" name="getCookie" time="4.183"/>
</testsuite> <!-- rest_assure.com.CookiesTest -->
