<?xml version="1.0" encoding="UTF-8"?>
<!-- Generated by org.testng.reporters.JUnitReportReporter -->
<testsuite hostname="DESKTOP-NHIF91H" failures="0" tests="1" name="rest_assure.com.PathQuaryParameters" time="3.499" errors="0" timestamp="2024-08-31T07:03:42 PDT" skipped="0">
  <testcase classname="rest_assure.com.PathQuaryParameters" name="tesQuaryPathParam" time="3.499"/>
</testsuite> <!-- rest_assure.com.PathQuaryParameters -->
