<?xml version="1.0" encoding="UTF-8"?>
<!-- Generated by org.testng.reporters.JUnitReportReporter -->
<testsuite hostname="DESKTOP-NHIF91H" failures="0" tests="1" name="rest_assure.com.Post" time="3.455" errors="0" timestamp="2024-09-11T09:24:55 PDT" skipped="0">
  <testcase classname="rest_assure.com.Post" name="postTest" time="3.455"/>
</testsuite> <!-- rest_assure.com.Post -->
