<?xml version="1.0" encoding="UTF-8"?>
<!-- Generated by org.testng.reporters.JUnitReportReporter -->
<testsuite hostname="DESKTOP-NHIF91H" failures="0" tests="2" name="rest_assure.com.HeaderValidation" time="4.476" errors="0" timestamp="2024-09-03T02:55:07 PDT" skipped="0">
  <testcase classname="rest_assure.com.HeaderValidation" name="responseHeaderValidation" time="3.625"/>
  <testcase classname="rest_assure.com.HeaderValidation" name="getHeader" time="0.851"/>
</testsuite> <!-- rest_assure.com.HeaderValidation -->
