<?xml version="1.0" encoding="UTF-8"?>
<!-- Generated by org.testng.reporters.JUnitReportReporter -->
<testsuite hostname="DESKTOP-NHIF91H" failures="0" tests="1" name="rest_assure.com.APIChain" time="5.739" errors="0" timestamp="2024-09-05T03:27:37 PDT" skipped="0">
  <testcase classname="rest_assure.com.APIChain" name="createUser" time="5.739"/>
</testsuite> <!-- rest_assure.com.APIChain -->
