<?xml version="1.0" encoding="UTF-8"?>
<!-- Generated by org.testng.reporters.JUnitReportReporter -->
<testsuite hostname="DESKTOP-NHIF91H" failures="0" tests="2" name="rest_assure.com.Put" time="4.271" errors="0" timestamp="2024-09-01T07:21:35 PDT" skipped="0">
  <testcase classname="rest_assure.com.Put" name="patchTest" time="3.585"/>
  <testcase classname="rest_assure.com.Put" name="putTest" time="0.686"/>
</testsuite> <!-- rest_assure.com.Put -->
