<?xml version="1.0" encoding="UTF-8"?>
<!-- Generated by org.testng.reporters.JUnitReportReporter -->
<testsuite hostname="DESKTOP-NHIF91H" failures="0" tests="1" name="rest_assure.com.HTTPRequests" time="3.640" errors="0" timestamp="2024-08-27T07:30:16 PDT" skipped="0">
  <testcase classname="rest_assure.com.HTTPRequests" name="getUser" time="3.640"/>
</testsuite> <!-- rest_assure.com.HTTPRequests -->
