<?xml version="1.0" encoding="UTF-8"?>
<!-- Generated by org.testng.reporters.JUnitReportReporter -->
<testsuite hostname="DESKTOP-SDSLJ94" failures="0" tests="1" name="rest_assure.com.CookiesHeaders" time="20.860" errors="0" timestamp="2024-08-23T08:51:52 PDT" skipped="0">
  <testcase classname="rest_assure.com.CookiesHeaders" name="tesQuaryPathParam" time="20.860"/>
</testsuite> <!-- rest_assure.com.CookiesHeaders -->
